[2026-04-25 16:59:04.396] [Xeno] [trace] Xeno is only maintained by Rizve. If you find any bugs, have any question, or just want to chat email me rizve@xeno.onl or DM me on Discord: .rizve
[2026-04-25 16:59:04.397] [Xeno] [info] Version: Xeno - v1.3.30
[2026-04-25 16:59:04.397] [Xeno] [info] Log file: C:\Users\Zenith__\Documents\windsurf\xeno-re\XenoBridge\bin\Release\net8.0-windows\win-x64\logs\2026-04-25_16-59-04.log
[2026-04-25 16:59:04.403] [Xeno] [debug] Client Checker thread: 0x39a35ae5e0
[2026-04-25 16:59:04.403] [Xeno] [debug] Xeno Caching thread: 0x39a35ae5d0
[2026-04-25 16:59:04.403] [Xeno] [debug] WebSockets Cleaner thread: 0x39a35ae5c0
[2026-04-25 16:59:04.404] [Cache] [info] Caching file: C:\Users\Zenith__\AppData\Local\Xeno\XENO_CACHE.bin
[2026-04-25 16:59:04.404] [Xeno] [debug] Xeno Server thread: 0x39a35ae5b0
[2026-04-25 16:59:04.407] [Server] [info] Xeno Server is Live on http://localhost:3110
[2026-04-25 16:59:04.407] [Server] [info] Visit http://localhost:3110 to view any additional information
[2026-04-25 17:00:42.700] [Xeno] [info] Creating new RBXClient: 15156
[2026-04-25 17:00:42.700] [Xeno] [info] Creating new RBXClient: 6124
[2026-04-25 17:00:42.701] [RBXClient] [info] [6124]: Initializing...
[2026-04-25 17:00:42.701] [RBXClient] [info] [15156]: Initializing...
[2026-04-25 17:00:42.702] [RBXClient] [info] [6124]: Version: version-2e6461290a3541f5
[2026-04-25 17:00:42.702] [Xeno] [debug] Created RBXClient instance @0x2110057f5f0
[2026-04-25 17:00:42.702] [Xeno] [info] Successfully created RBXClient: 6124
[2026-04-25 17:00:42.703] [RBXClient] [info] [15156]: Version: version-2e6461290a3541f5
[2026-04-25 17:00:42.703] [Xeno] [debug] Created RBXClient instance @0x21100567280
[2026-04-25 17:00:42.703] [Xeno] [info] Successfully created RBXClient: 15156
[2026-04-25 17:00:42.705] [RBXClient] [trace] [6124]: Attempting to retrieve RBXClient data...
[2026-04-25 17:00:42.705] [RBXClient] [trace] [15156]: Attempting to retrieve RBXClient data...
[2026-04-25 17:00:42.837] [RBXClient] [trace] [6124]: Successfully retrieved RBXClient data (Primary)
[2026-04-25 17:00:42.837] [RBXClient] [trace] [15156]: Successfully retrieved RBXClient data (Primary)
[2026-04-25 17:00:42.842] [RBXClient] [debug] [6124]: Fetching DataModel...
[2026-04-25 17:00:42.842] [RBXClient] [info] [15156]: Waiting for Client Window
[2026-04-25 17:00:42.988] [RBXClient] [debug] [6124]: 	String: 0x254931dcc08
[2026-04-25 17:00:42.988] [RBXClient] [debug] [6124]: 	RenderView: 0x2548ed47d80
[2026-04-25 17:00:42.993] [RBXClient] [debug] [6124]: DataModel (Ugc): 0x2549cbd9e48
[2026-04-25 17:00:43.000] [RBXClient] [debug] [6124]: LocalPlayer: 0x25495725080
[2026-04-25 17:00:43.000] [RBXClient] [debug] [peigneetoile15 (6124)]: LocalPlayer Name: 'peigneetoile15'
[2026-04-25 17:00:43.002] [RBXClient] [trace] [peigneetoile15 (6124)]: Attaching in-game using translation module.
[2026-04-25 17:00:43.003] [RBXClient] [debug] [peigneetoile15 (6124)]: EventConnection: 0x2549b33f580, SharedString: 0x2549badee50
[2026-04-25 17:00:43.746] [RBXClient] [trace] [peigneetoile15 (6124)]: Intercepted translation module @0x2549b341c80
[2026-04-25 17:00:44.409] [RBXClient] [warning] [peigneetoile15 (6124)]: Attach is taking longer than expected (Using RefreshRBXWindowV2)... (I hate you peigneetoile15)
[2026-04-25 17:00:46.708] [RBXClient] [warning] [peigneetoile15 (6124)]: Client was attached but failed to ping the server due to unstable network -- Xeno may not work properly on a slow or unstable network!
[2026-04-25 17:00:52.848] [RBXClient] [critical] [15156]: Timeout (10s) exceeded while waiting for window
[2026-04-25 17:00:52.926] [RBXClient] [trace] [[!] Failed (15156)][::~RBXClient]: Client was closed and cleaned up successfully
[2026-04-25 17:00:52.926] [Xeno] [info] Removed RBXClient: 15156
[2026-04-25 17:00:57.929] [Xeno] [info] Cleaned up '15156' from InitializedClients
[2026-04-25 17:06:22.635] [Xeno] [info] Creating new RBXClient: 20284
[2026-04-25 17:06:22.635] [RBXClient] [info] [20284]: Initializing...
[2026-04-25 17:06:22.635] [RBXClient] [critical] [20284]: RBXClient this->hProcess path is invalid
[2026-04-25 17:06:22.635] [Xeno] [debug] Created RBXClient instance @0x211028847c0
[2026-04-25 17:06:22.635] [Xeno] [info] Successfully created RBXClient: 20284
[2026-04-25 17:06:22.843] [RBXClient] [trace] [peigneetoile15 (6124)][::~RBXClient]: Client was closed and cleaned up successfully
[2026-04-25 17:06:22.843] [RBXClient] [trace] [[!] Failed (20284)][::~RBXClient]: Client was closed and cleaned up successfully
[2026-04-25 17:06:22.843] [Xeno] [info] Removed RBXClient: 6124
[2026-04-25 17:06:22.843] [Xeno] [info] Removed RBXClient: 20284
[2026-04-25 17:06:22.856] [Xeno] [info] Creating new RBXClient: 3988
[2026-04-25 17:06:22.856] [RBXClient] [info] [3988]: Initializing...
[2026-04-25 17:06:22.856] [RBXClient] [info] [3988]: Version: version-2e6461290a3541f5
[2026-04-25 17:06:22.856] [Xeno] [debug] Created RBXClient instance @0x211028847c0
[2026-04-25 17:06:22.856] [Xeno] [info] Successfully created RBXClient: 3988
[2026-04-25 17:06:22.856] [RBXClient] [trace] [3988]: Attempting to retrieve RBXClient data...
[2026-04-25 17:06:22.909] [RBXClient] [trace] [3988]: Successfully retrieved RBXClient data (Primary)
[2026-04-25 17:06:22.910] [RBXClient] [info] [3988]: Waiting for Client Window
[2026-04-25 17:06:25.471] [Xeno] [info] Creating new RBXClient: 9632
[2026-04-25 17:06:25.471] [RBXClient] [info] [9632]: Initializing...
[2026-04-25 17:06:25.471] [RBXClient] [info] [9632]: Version: version-2e6461290a3541f5
[2026-04-25 17:06:25.471] [Xeno] [debug] Created RBXClient instance @0x2110057b340
[2026-04-25 17:06:25.471] [Xeno] [info] Successfully created RBXClient: 9632
[2026-04-25 17:06:25.471] [RBXClient] [trace] [9632]: Attempting to retrieve RBXClient data...
[2026-04-25 17:06:25.519] [RBXClient] [trace] [9632]: Successfully retrieved RBXClient data (Primary)
[2026-04-25 17:06:25.520] [RBXClient] [info] [9632]: Waiting for Client Window
[2026-04-25 17:06:27.848] [Xeno] [info] Cleaned up '6124' from InitializedClients
[2026-04-25 17:06:27.848] [Xeno] [info] Cleaned up '20284' from InitializedClients
[2026-04-25 17:06:28.783] [RBXClient] [info] [9632]: Client window is now available
[2026-04-25 17:06:28.783] [RBXClient] [debug] [9632]: Fetching DataModel...
[2026-04-25 17:06:28.869] [RBXClient] [debug] [9632]: 	String: 0x253141f1808
[2026-04-25 17:06:28.869] [RBXClient] [debug] [9632]: 	RenderView: 0x25310ab7d80
[2026-04-25 17:06:28.869] [RBXClient] [info] [9632]: 	Waiting for DataModel...
[2026-04-25 17:06:29.524] [RBXClient] [debug] [9632]: DataModel (LuaApp): 0x25306fd8648
[2026-04-25 17:06:29.526] [RBXClient] [debug] [9632]: LocalPlayer: 0x25307506480
[2026-04-25 17:06:29.526] [RBXClient] [info] [Player (9632)]: Waiting for LocalPlayer to load...
[2026-04-25 17:06:29.850] [RBXClient] [debug] [peigneetoile15 (9632)]: LocalPlayer Name: 'peigneetoile15'
[2026-04-25 17:06:29.851] [RBXClient] [trace] [peigneetoile15 (9632)]: Attaching through the home page.
[2026-04-25 17:06:30.830] [RBXClient] [debug] [peigneetoile15 (9632)]: SharedString: 0x25301425a30
[2026-04-25 17:06:30.836] [RBXClient] [debug] [peigneetoile15 (9632)]: SharedString: 0x25301f394f0
[2026-04-25 17:06:30.847] [RBXClient] [debug] [peigneetoile15 (9632)]: SharedString: 0x2530de2bf70
[2026-04-25 17:06:30.876] [RBXClient] [info] [peigneetoile15 (9632)]: Bytecode has been successfully set in menu.
[2026-04-25 17:06:32.935] [RBXClient] [critical] [3988]: Timeout (10s) exceeded while waiting for window
[2026-04-25 17:06:32.997] [RBXClient] [trace] [[!] Failed (3988)][::~RBXClient]: Client was closed and cleaned up successfully
[2026-04-25 17:06:32.997] [Xeno] [info] Removed RBXClient: 3988
[2026-04-25 17:06:38.002] [Xeno] [info] Cleaned up '3988' from InitializedClients
[2026-04-25 17:06:49.534] [Xeno] [info] Creating new RBXClient: 14928
[2026-04-25 17:06:49.534] [RBXClient] [info] [14928]: Initializing...
[2026-04-25 17:06:49.534] [RBXClient] [info] [14928]: Version: version-2e6461290a3541f5
[2026-04-25 17:06:49.535] [Xeno] [debug] Created RBXClient instance @0x211028847c0
[2026-04-25 17:06:49.535] [Xeno] [info] Successfully created RBXClient: 14928
[2026-04-25 17:06:49.535] [RBXClient] [trace] [14928]: Attempting to retrieve RBXClient data...
[2026-04-25 17:06:49.586] [RBXClient] [trace] [14928]: Successfully retrieved RBXClient data (Primary)
[2026-04-25 17:06:49.587] [RBXClient] [info] [14928]: Waiting for Client Window
[2026-04-25 17:06:49.741] [RBXClient] [trace] [peigneetoile15 (9632)][::~RBXClient]: Client was closed and cleaned up successfully
[2026-04-25 17:06:49.741] [Xeno] [info] Removed RBXClient: 9632
[2026-04-25 17:06:54.754] [Xeno] [info] Cleaned up '9632' from InitializedClients
[2026-04-25 17:06:59.671] [RBXClient] [critical] [14928]: Timeout (10s) exceeded while waiting for window
[2026-04-25 17:06:59.748] [RBXClient] [trace] [[!] Failed (14928)][::~RBXClient]: Client was closed and cleaned up successfully
[2026-04-25 17:06:59.748] [Xeno] [info] Removed RBXClient: 14928
[2026-04-25 17:07:00.415] [Xeno] [info] Creating new RBXClient: 4376
[2026-04-25 17:07:00.415] [RBXClient] [info] [4376]: Initializing...
[2026-04-25 17:07:00.415] [RBXClient] [info] [4376]: Version: version-2e6461290a3541f5
[2026-04-25 17:07:00.415] [Xeno] [debug] Created RBXClient instance @0x211028847c0
[2026-04-25 17:07:00.415] [Xeno] [info] Successfully created RBXClient: 4376
[2026-04-25 17:07:00.416] [RBXClient] [trace] [4376]: Attempting to retrieve RBXClient data...
[2026-04-25 17:07:00.458] [RBXClient] [trace] [4376]: Successfully retrieved RBXClient data (Primary)
[2026-04-25 17:07:00.459] [RBXClient] [info] [4376]: Waiting for Client Window
[2026-04-25 17:07:03.167] [RBXClient] [info] [4376]: Client window is now available
[2026-04-25 17:07:03.167] [RBXClient] [debug] [4376]: Fetching DataModel...
[2026-04-25 17:07:03.244] [RBXClient] [debug] [4376]: 	String: 0x2ba927a2c08
[2026-04-25 17:07:03.244] [RBXClient] [debug] [4376]: 	RenderView: 0x2ba8f3f7d80
[2026-04-25 17:07:03.244] [RBXClient] [info] [4376]: 	Waiting for DataModel...
[2026-04-25 17:07:03.575] [RBXClient] [debug] [4376]: DataModel (LuaApp): 0x2ba8561aa48
[2026-04-25 17:07:03.576] [RBXClient] [debug] [4376]: LocalPlayer: 0x2ba85ab6480
[2026-04-25 17:07:03.576] [RBXClient] [info] [Player (4376)]: Waiting for LocalPlayer to load...
[2026-04-25 17:07:03.791] [RBXClient] [debug] [peigneetoile15 (4376)]: LocalPlayer Name: 'peigneetoile15'
[2026-04-25 17:07:03.791] [RBXClient] [trace] [peigneetoile15 (4376)]: Attaching through the home page.
[2026-04-25 17:07:04.670] [RBXClient] [debug] [peigneetoile15 (4376)]: SharedString: 0x2ba819932d0
[2026-04-25 17:07:04.678] [RBXClient] [debug] [peigneetoile15 (4376)]: SharedString: 0x2ba8cdebf70
[2026-04-25 17:07:04.702] [RBXClient] [debug] [peigneetoile15 (4376)]: SharedString: 0x2ba8d8d0080
[2026-04-25 17:07:04.724] [RBXClient] [info] [peigneetoile15 (4376)]: Bytecode has been successfully set in menu.
[2026-04-25 17:07:04.751] [Xeno] [info] Cleaned up '14928' from InitializedClients
[2026-04-25 17:08:42.794] [RBXClient] [trace] [peigneetoile15 (4376)][::CRefresh]: Client DataModel refreshed
[2026-04-25 17:08:42.816] [RBXClient] [trace] [peigneetoile15 (4376)]: Attach ping received from client "peigneetoile15", This indicates everything was successful.
[2026-04-25 17:16:46.182] [RBXClient] [trace] [peigneetoile15 (4376)][::PlayerRemoving]: Player leaving ping recieved
[2026-04-25 17:16:47.525] [RBXClient] [trace] [peigneetoile15 (4376)][::~RBXClient]: Client was closed and cleaned up successfully
[2026-04-25 17:16:47.526] [Xeno] [info] Removed RBXClient: 4376
[2026-04-25 17:16:47.581] [Xeno] [info] Creating new RBXClient: 19300
[2026-04-25 17:16:47.581] [RBXClient] [info] [19300]: Initializing...
[2026-04-25 17:16:47.581] [RBXClient] [info] [19300]: Version: version-2e6461290a3541f5
[2026-04-25 17:16:47.581] [Xeno] [debug] Created RBXClient instance @0x211028847c0
[2026-04-25 17:16:47.581] [Xeno] [info] Successfully created RBXClient: 19300
[2026-04-25 17:16:47.582] [RBXClient] [trace] [19300]: Attempting to retrieve RBXClient data...
[2026-04-25 17:16:47.650] [RBXClient] [trace] [19300]: Successfully retrieved RBXClient data (Primary)
[2026-04-25 17:16:47.651] [RBXClient] [info] [19300]: Waiting for Client Window
[2026-04-25 17:16:52.533] [Xeno] [info] Cleaned up '4376' from InitializedClients
[2026-04-25 17:16:52.605] [Xeno] [info] Creating new RBXClient: 4376
[2026-04-25 17:16:52.605] [RBXClient] [info] [4376]: Initializing...
[2026-04-25 17:16:52.605] [RBXClient] [info] [4376]: Version: version-2e6461290a3541f5
[2026-04-25 17:16:52.605] [Xeno] [debug] Created RBXClient instance @0x21102d8bc50
[2026-04-25 17:16:52.605] [Xeno] [info] Successfully created RBXClient: 4376
[2026-04-25 17:16:52.605] [RBXClient] [trace] [4376]: Attempting to retrieve RBXClient data...
[2026-04-25 17:16:52.646] [RBXClient] [trace] [4376]: Successfully retrieved RBXClient data (Primary)
[2026-04-25 17:16:52.646] [RBXClient] [info] [4376]: Waiting for Client Window
[2026-04-25 17:16:57.686] [RBXClient] [critical] [19300]: Timeout (10s) exceeded while waiting for window
[2026-04-25 17:16:57.824] [RBXClient] [trace] [[!] Failed (19300)][::~RBXClient]: Client was closed and cleaned up successfully
[2026-04-25 17:16:57.825] [Xeno] [info] Removed RBXClient: 19300
[2026-04-25 17:16:58.418] [RBXClient] [critical] [4376]: Client was closed while attaching
[2026-04-25 17:16:58.481] [RBXClient] [trace] [[!] Failed (4376)][::~RBXClient]: Client was closed and cleaned up successfully
[2026-04-25 17:16:58.481] [Xeno] [info] Removed RBXClient: 4376
[2026-04-25 17:17:02.825] [Xeno] [info] Cleaned up '19300' from InitializedClients
[2026-04-25 17:17:03.483] [Xeno] [info] Cleaned up '4376' from InitializedClients
[2026-04-25 17:33:30.671] [Xeno] [info] Creating new RBXClient: 13956
[2026-04-25 17:33:30.671] [RBXClient] [info] [13956]: Initializing...
[2026-04-25 17:33:30.671] [RBXClient] [info] [13956]: Version: version-2e6461290a3541f5
[2026-04-25 17:33:30.671] [Xeno] [debug] Created RBXClient instance @0x211028847c0
[2026-04-25 17:33:30.671] [Xeno] [info] Successfully created RBXClient: 13956
[2026-04-25 17:33:30.671] [RBXClient] [trace] [13956]: Attempting to retrieve RBXClient data...
[2026-04-25 17:33:30.735] [RBXClient] [trace] [13956]: Successfully retrieved RBXClient data (Primary)
[2026-04-25 17:33:30.735] [RBXClient] [info] [13956]: Waiting for Client Window
[2026-04-25 17:33:30.735] [RBXClient] [critical] [13956]: Client was closed while attaching
[2026-04-25 17:33:30.871] [RBXClient] [trace] [[!] Failed (13956)][::~RBXClient]: Client was closed and cleaned up successfully
[2026-04-25 17:33:30.871] [Xeno] [info] Removed RBXClient: 13956
[2026-04-25 17:33:30.879] [Xeno] [info] Creating new RBXClient: 18240
[2026-04-25 17:33:30.880] [RBXClient] [info] [18240]: Initializing...
[2026-04-25 17:33:30.880] [RBXClient] [info] [18240]: Version: version-2e6461290a3541f5
[2026-04-25 17:33:30.880] [Xeno] [debug] Created RBXClient instance @0x211028847c0
[2026-04-25 17:33:30.880] [Xeno] [info] Successfully created RBXClient: 18240
[2026-04-25 17:33:30.880] [RBXClient] [trace] [18240]: Attempting to retrieve RBXClient data...
[2026-04-25 17:33:30.922] [RBXClient] [trace] [18240]: Successfully retrieved RBXClient data (Primary)
[2026-04-25 17:33:30.923] [RBXClient] [info] [18240]: Waiting for Client Window
[2026-04-25 17:33:33.610] [RBXClient] [info] [18240]: Client window is now available
[2026-04-25 17:33:33.610] [RBXClient] [debug] [18240]: Fetching DataModel...
[2026-04-25 17:33:33.713] [RBXClient] [debug] [18240]: 	String: 0x22f28c81808
[2026-04-25 17:33:33.713] [RBXClient] [debug] [18240]: 	RenderView: 0x22f25ac8780
[2026-04-25 17:33:33.713] [RBXClient] [info] [18240]: 	Waiting for DataModel...
[2026-04-25 17:33:33.937] [RBXClient] [debug] [18240]: DataModel (LuaApp): 0x22f1c158648
[2026-04-25 17:33:33.939] [RBXClient] [debug] [18240]: LocalPlayer: 0x22f260b0080
[2026-04-25 17:33:33.939] [RBXClient] [info] [Player (18240)]: Waiting for LocalPlayer to load...
[2026-04-25 17:33:34.151] [RBXClient] [debug] [peigneetoile15 (18240)]: LocalPlayer Name: 'peigneetoile15'
[2026-04-25 17:33:34.152] [RBXClient] [trace] [peigneetoile15 (18240)]: Attaching through the home page.
[2026-04-25 17:33:35.043] [RBXClient] [debug] [peigneetoile15 (18240)]: SharedString: 0x22f1a0d00d0
[2026-04-25 17:33:35.053] [RBXClient] [debug] [peigneetoile15 (18240)]: SharedString: 0x22f1a6b0c60
[2026-04-25 17:33:35.064] [RBXClient] [debug] [peigneetoile15 (18240)]: SharedString: 0x22f2309bfc0
[2026-04-25 17:33:35.085] [RBXClient] [info] [peigneetoile15 (18240)]: Bytecode has been successfully set in menu.
[2026-04-25 17:33:35.877] [Xeno] [info] Cleaned up '13956' from InitializedClients
[2026-04-25 17:33:42.909] [RBXClient] [trace] [peigneetoile15 (18240)][::~RBXClient]: Client was closed and cleaned up successfully
[2026-04-25 17:33:42.909] [Xeno] [info] Removed RBXClient: 18240
[2026-04-25 17:33:47.916] [Xeno] [info] Cleaned up '18240' from InitializedClients
[2026-04-25 17:33:47.924] [Xeno] [info] Creating new RBXClient: 18240
[2026-04-25 17:33:47.924] [RBXClient] [info] [18240]: Initializing...
[2026-04-25 17:33:47.924] [RBXClient] [info] [18240]: Version: version-2e6461290a3541f5
[2026-04-25 17:33:47.925] [Xeno] [debug] Created RBXClient instance @0x211028847c0
[2026-04-25 17:33:47.925] [Xeno] [info] Successfully created RBXClient: 18240
[2026-04-25 17:33:47.925] [RBXClient] [trace] [18240]: Attempting to retrieve RBXClient data...
[2026-04-25 17:33:47.972] [RBXClient] [trace] [18240]: Successfully retrieved RBXClient data (Primary)
[2026-04-25 17:33:47.972] [RBXClient] [info] [18240]: Waiting for Client Window
[2026-04-25 17:33:57.985] [RBXClient] [critical] [18240]: Timeout (10s) exceeded while waiting for window
[2026-04-25 17:33:58.139] [RBXClient] [trace] [[!] Failed (18240)][::~RBXClient]: Client was closed and cleaned up successfully
[2026-04-25 17:33:58.139] [Xeno] [info] Removed RBXClient: 18240
[2026-04-25 17:34:03.152] [Xeno] [info] Cleaned up '18240' from InitializedClients
[2026-04-25 17:34:07.967] [Xeno] [info] Creating new RBXClient: 2164
[2026-04-25 17:34:07.967] [RBXClient] [info] [2164]: Initializing...
[2026-04-25 17:34:07.967] [RBXClient] [info] [2164]: Version: version-2e6461290a3541f5
[2026-04-25 17:34:07.967] [Xeno] [debug] Created RBXClient instance @0x211028847c0
[2026-04-25 17:34:07.967] [Xeno] [info] Successfully created RBXClient: 2164
[2026-04-25 17:34:07.968] [RBXClient] [trace] [2164]: Attempting to retrieve RBXClient data...
[2026-04-25 17:34:08.017] [RBXClient] [trace] [2164]: Successfully retrieved RBXClient data (Primary)
[2026-04-25 17:34:08.018] [RBXClient] [info] [2164]: Waiting for Client Window
[2026-04-25 17:34:10.630] [RBXClient] [info] [2164]: Client window is now available
[2026-04-25 17:34:10.630] [RBXClient] [debug] [2164]: Fetching DataModel...
[2026-04-25 17:34:10.736] [RBXClient] [debug] [2164]: 	String: 0x24a48f03608
[2026-04-25 17:34:10.736] [RBXClient] [debug] [2164]: 	RenderView: 0x24a48e77380
[2026-04-25 17:34:10.736] [RBXClient] [info] [2164]: 	Waiting for DataModel...
[2026-04-25 17:34:11.177] [RBXClient] [debug] [2164]: DataModel (LuaApp): 0x24a3ef8aa48
[2026-04-25 17:34:11.178] [RBXClient] [debug] [2164]: LocalPlayer: 0x24a41715080
[2026-04-25 17:34:11.178] [RBXClient] [info] [Player (2164)]: Waiting for LocalPlayer to load...
[2026-04-25 17:34:11.391] [RBXClient] [debug] [peigneetoile15 (2164)]: LocalPlayer Name: 'peigneetoile15'
[2026-04-25 17:34:11.392] [RBXClient] [trace] [peigneetoile15 (2164)]: Attaching through the home page.
[2026-04-25 17:34:12.294] [RBXClient] [debug] [peigneetoile15 (2164)]: SharedString: 0x24a3d401a70
[2026-04-25 17:34:12.302] [RBXClient] [debug] [peigneetoile15 (2164)]: SharedString: 0x24a469cb4d0
[2026-04-25 17:34:12.318] [RBXClient] [debug] [peigneetoile15 (2164)]: SharedString: 0x24a4713f530
[2026-04-25 17:34:12.332] [RBXClient] [info] [peigneetoile15 (2164)]: Bytecode has been successfully set in menu.
[2026-04-25 17:34:16.174] [RBXClient] [trace] [peigneetoile15 (2164)][::CRefresh]: DataModel is being loaded...
[2026-04-25 17:34:16.418] [RBXClient] [trace] 	[peigneetoile15 (2164)][::CRefresh]: DataModel was loaded successfully
[2026-04-25 17:34:16.434] [RBXClient] [trace] [peigneetoile15 (2164)]: Attach ping received from client "peigneetoile15", This indicates everything was successful.
[2026-04-25 17:34:16.435] [Execution] [trace] [peigneetoile15 (2164)][::Loadstring]: DataModel was finished loading. Serving loadstring request
