[2026-04-25 18:34:15.540] [Xeno] [trace] Xeno is only maintained by Rizve. If you find any bugs, have any question, or just want to chat email me rizve@xeno.onl or DM me on Discord: .rizve
[2026-04-25 18:34:15.540] [Xeno] [info] Version: Xeno - v1.3.30
[2026-04-25 18:34:15.540] [Xeno] [info] Log file: c:\Users\Zenith__\Documents\windsurf\xeno-re\XenoBridge\bin\Release\net8.0-windows\win-x64\logs\2026-04-25_18-34-15.log
[2026-04-25 18:34:15.542] [Xeno] [debug] Client Checker thread: 0x6662b7ea80
[2026-04-25 18:34:15.542] [Xeno] [debug] Xeno Caching thread: 0x6662b7ea70
[2026-04-25 18:34:15.543] [Xeno] [debug] WebSockets Cleaner thread: 0x6662b7ea60
[2026-04-25 18:34:15.543] [Cache] [info] Caching file: C:\Users\Zenith__\AppData\Local\Xeno\XENO_CACHE.bin
[2026-04-25 18:34:15.544] [Xeno] [debug] Xeno Server thread: 0x6662b7ea50
[2026-04-25 18:34:15.545] [Cache] [info] Reattaching to cached client PID: 2164
[2026-04-25 18:34:15.545] [Cache] [info] Loaded existing cache: 1 RBXClients, 0 RBXBytecode, 0 RBXMFlags, 1 RBXClientInfos
[2026-04-25 18:34:15.545] [Server] [info] Xeno Server is Live on http://localhost:3110
[2026-04-25 18:34:15.545] [Server] [info] Visit http://localhost:3110 to view any additional information
[2026-04-25 18:34:15.545] [Xeno] [info] Creating new RBXClient: 2164
[2026-04-25 18:34:15.545] [RBXClient] [info] [2164]: Initializing...
[2026-04-25 18:34:15.545] [RBXClient] [info] [2164]: Version: version-2e6461290a3541f5
[2026-04-25 18:34:15.546] [Xeno] [debug] Created RBXClient instance @0x1c800549e10
[2026-04-25 18:34:15.546] [Xeno] [info] Successfully created RBXClient: 2164
[2026-04-25 18:34:15.547] [RBXClient] [trace] [2164]: Attempting to retrieve RBXClient data...
[2026-04-25 18:34:15.613] [RBXClient] [trace] [2164]: Successfully retrieved RBXClient data (Primary)
[2026-04-25 18:34:15.614] [Cache] [trace] [2164]: Client was previously activated and handled successfully
[2026-04-25 18:34:15.614] [RBXClient] [info] [2164]: RenderView retrieved from Cache: 0x24a48e77380
[2026-04-25 18:34:15.615] [RBXClient] [debug] [2164]: DataModel (Ugc): 0x24a75beda48
[2026-04-25 18:34:15.616] [RBXClient] [debug] [2164]: LocalPlayer: 0x24a614f6480
[2026-04-25 18:34:15.616] [RBXClient] [debug] [peigneetoile15 (2164)]: LocalPlayer Name: 'peigneetoile15'
[2026-04-25 18:34:15.617] [RBXClient] [info] [peigneetoile15 (2164)]: Client was already attached, handling important core functions for the client :D
[2026-04-25 18:34:16.010] [RBXClient] [trace] [peigneetoile15 (2164)][::CRefresh]: Client DataModel refreshed
