[2026-04-25 17:41:17.958] [Xeno] [trace] Xeno is only maintained by Rizve. If you find any bugs, have any question, or just want to chat email me rizve@xeno.onl or DM me on Discord: .rizve
[2026-04-25 17:41:17.959] [Xeno] [info] Version: Xeno - v1.3.30
[2026-04-25 17:41:17.959] [Xeno] [info] Log file: c:\Users\Zenith__\Documents\windsurf\xeno-re\XenoBridge\bin\Release\net8.0-windows\win-x64\logs\2026-04-25_17-41-17.log
[2026-04-25 17:41:17.962] [Xeno] [debug] Client Checker thread: 0x3b9cb7e850
[2026-04-25 17:41:17.962] [Xeno] [debug] Xeno Caching thread: 0x3b9cb7e840
[2026-04-25 17:41:17.963] [Xeno] [debug] WebSockets Cleaner thread: 0x3b9cb7e830
[2026-04-25 17:41:17.963] [Cache] [info] Caching file: C:\Users\Zenith__\AppData\Local\Xeno\XENO_CACHE.bin
[2026-04-25 17:41:17.963] [Xeno] [debug] Xeno Server thread: 0x3b9cb7e820
[2026-04-25 17:41:17.964] [Cache] [info] Reattaching to cached client PID: 2164
[2026-04-25 17:41:17.964] [Cache] [info] Loaded existing cache: 1 RBXClients, 0 RBXBytecode, 0 RBXMFlags, 1 RBXClientInfos
[2026-04-25 17:41:17.964] [Xeno] [info] Creating new RBXClient: 2164
[2026-04-25 17:41:17.964] [RBXClient] [info] [2164]: Initializing...
[2026-04-25 17:41:17.965] [Server] [info] Xeno Server is Live on http://localhost:3110
[2026-04-25 17:41:17.965] [Server] [info] Visit http://localhost:3110 to view any additional information
[2026-04-25 17:41:17.965] [RBXClient] [info] [2164]: Version: version-2e6461290a3541f5
[2026-04-25 17:41:17.965] [Xeno] [debug] Created RBXClient instance @0x15f80568680
[2026-04-25 17:41:17.965] [Xeno] [info] Successfully created RBXClient: 2164
[2026-04-25 17:41:17.967] [RBXClient] [trace] [2164]: Attempting to retrieve RBXClient data...
[2026-04-25 17:41:17.982] [Xeno] [info] Terminated same existing Xeno process: 5668
[2026-04-25 17:41:18.047] [RBXClient] [trace] [2164]: Successfully retrieved RBXClient data (Primary)
[2026-04-25 17:41:18.049] [Cache] [trace] [2164]: Client was previously activated and handled successfully
[2026-04-25 17:41:18.049] [RBXClient] [info] [2164]: RenderView retrieved from Cache: 0x24a48e77380
[2026-04-25 17:41:18.051] [RBXClient] [debug] [2164]: DataModel (Ugc): 0x24a5d625648
[2026-04-25 17:41:18.053] [RBXClient] [debug] [2164]: LocalPlayer: 0x24a64472880
[2026-04-25 17:41:18.053] [RBXClient] [debug] [peigneetoile15 (2164)]: LocalPlayer Name: 'peigneetoile15'
[2026-04-25 17:41:18.054] [RBXClient] [info] [peigneetoile15 (2164)]: Client was already attached, handling important core functions for the client :D
